
*** Running xst
    with args -ifn "mojo_top_0.xst" -ofn "mojo_top_0.srp" -intstyle ise

Reading design: mojo_top_0.prj

=========================================================================
*                          HDL Parsing                                  *
=========================================================================
Analyzing Verilog file "C:/Users/NPStudent/Desktop/ALU_1D/work/planAhead/ALU_1D/ALU_1D.srcs/sources_1/imports/verilog/seven_seg_7.v" into library work
Parsing module <seven_seg_7>.
Analyzing Verilog file "C:/Users/NPStudent/Desktop/ALU_1D/work/planAhead/ALU_1D/ALU_1D.srcs/sources_1/imports/verilog/decoder_8.v" into library work
Parsing module <decoder_8>.
Analyzing Verilog file "C:/Users/NPStudent/Desktop/ALU_1D/work/planAhead/ALU_1D/ALU_1D.srcs/sources_1/imports/verilog/counter_6.v" into library work
Parsing module <counter_6>.
Analyzing Verilog file "C:/Users/NPStudent/Desktop/ALU_1D/work/planAhead/ALU_1D/ALU_1D.srcs/sources_1/imports/verilog/reset_conditioner_1.v" into library work
Parsing module <reset_conditioner_1>.
Analyzing Verilog file "C:/Users/NPStudent/Desktop/ALU_1D/work/planAhead/ALU_1D/ALU_1D.srcs/sources_1/imports/verilog/multi_seven_seg_2.v" into library work
Parsing module <multi_seven_seg_2>.
Analyzing Verilog file "C:/Users/NPStudent/Desktop/ALU_1D/work/planAhead/ALU_1D/ALU_1D.srcs/sources_1/imports/verilog/comparator_5.v" into library work
Parsing module <comparator_5>.
Analyzing Verilog file "C:/Users/NPStudent/Desktop/ALU_1D/work/planAhead/ALU_1D/ALU_1D.srcs/sources_1/imports/verilog/boolean_3.v" into library work
Parsing module <boolean_3>.
Analyzing Verilog file "C:/Users/NPStudent/Desktop/ALU_1D/work/planAhead/ALU_1D/ALU_1D.srcs/sources_1/imports/verilog/adder_4.v" into library work
Parsing module <adder_4>.
Analyzing Verilog file "C:/Users/NPStudent/Desktop/ALU_1D/work/planAhead/ALU_1D/ALU_1D.srcs/sources_1/imports/verilog/mojo_top_0.v" into library work
Parsing module <mojo_top_0>.

=========================================================================
*                            HDL Elaboration                            *
=========================================================================

Elaborating module <mojo_top_0>.

Elaborating module <reset_conditioner_1>.

Elaborating module <multi_seven_seg_2>.

Elaborating module <counter_6>.

Elaborating module <seven_seg_7>.

Elaborating module <decoder_8>.

Elaborating module <boolean_3>.

Elaborating module <adder_4>.

Elaborating module <comparator_5>.

=========================================================================
*                           HDL Synthesis                               *
=========================================================================

Synthesizing Unit <mojo_top_0>.
    Related source file is "C:/Users/NPStudent/Desktop/ALU_1D/work/planAhead/ALU_1D/ALU_1D.srcs/sources_1/imports/verilog/mojo_top_0.v".
WARNING:Xst:647 - Input <io_dip<7:6>> is never used. This port will be preserved and left unconnected if it belongs to a top-level block or it belongs to a sub-block and the hierarchy of this sub-block is preserved.
    Found 4x16-bit Read Only RAM for signal <M_seg_values>
    Found 1-bit 4-to-1 multiplexer for signal <io_led<7>> created at line 96.
    Found 1-bit 4-to-1 multiplexer for signal <io_led<6>> created at line 96.
    Found 1-bit 4-to-1 multiplexer for signal <io_led<5>> created at line 96.
    Found 1-bit 4-to-1 multiplexer for signal <io_led<4>> created at line 96.
    Found 1-bit 4-to-1 multiplexer for signal <io_led<3>> created at line 96.
    Found 1-bit 4-to-1 multiplexer for signal <io_led<2>> created at line 96.
    Found 1-bit 4-to-1 multiplexer for signal <io_led<1>> created at line 96.
    Found 1-bit 4-to-1 multiplexer for signal <io_led<0>> created at line 96.
    Found 1-bit tristate buffer for signal <spi_miso> created at line 83
    Found 1-bit tristate buffer for signal <spi_channel<3>> created at line 83
    Found 1-bit tristate buffer for signal <spi_channel<2>> created at line 83
    Found 1-bit tristate buffer for signal <spi_channel<1>> created at line 83
    Found 1-bit tristate buffer for signal <spi_channel<0>> created at line 83
    Found 1-bit tristate buffer for signal <avr_rx> created at line 83
    Summary:
	inferred   1 RAM(s).
	inferred  24 Multiplexer(s).
	inferred   6 Tristate(s).
Unit <mojo_top_0> synthesized.

Synthesizing Unit <reset_conditioner_1>.
    Related source file is "C:/Users/NPStudent/Desktop/ALU_1D/work/planAhead/ALU_1D/ALU_1D.srcs/sources_1/imports/verilog/reset_conditioner_1.v".
    Found 4-bit register for signal <M_stage_q>.
    Summary:
	inferred   4 D-type flip-flop(s).
Unit <reset_conditioner_1> synthesized.

Synthesizing Unit <multi_seven_seg_2>.
    Related source file is "C:/Users/NPStudent/Desktop/ALU_1D/work/planAhead/ALU_1D/ALU_1D.srcs/sources_1/imports/verilog/multi_seven_seg_2.v".
    Found 4-bit adder for signal <M_ctr_value[1]_GND_3_o_add_0_OUT> created at line 48.
    Found 31-bit shifter logical right for signal <n0010> created at line 48
    Summary:
	inferred   1 Adder/Subtractor(s).
	inferred   1 Combinational logic shifter(s).
Unit <multi_seven_seg_2> synthesized.

Synthesizing Unit <counter_6>.
    Related source file is "C:/Users/NPStudent/Desktop/ALU_1D/work/planAhead/ALU_1D/ALU_1D.srcs/sources_1/imports/verilog/counter_6.v".
    Found 18-bit register for signal <M_ctr_q>.
    Found 18-bit adder for signal <M_ctr_q[17]_GND_4_o_add_0_OUT> created at line 35.
    Summary:
	inferred   1 Adder/Subtractor(s).
	inferred  18 D-type flip-flop(s).
Unit <counter_6> synthesized.

Synthesizing Unit <seven_seg_7>.
    Related source file is "C:/Users/NPStudent/Desktop/ALU_1D/work/planAhead/ALU_1D/ALU_1D.srcs/sources_1/imports/verilog/seven_seg_7.v".
    Summary:
	inferred   1 Multiplexer(s).
Unit <seven_seg_7> synthesized.

Synthesizing Unit <decoder_8>.
    Related source file is "C:/Users/NPStudent/Desktop/ALU_1D/work/planAhead/ALU_1D/ALU_1D.srcs/sources_1/imports/verilog/decoder_8.v".
    Summary:
	no macro.
Unit <decoder_8> synthesized.

Synthesizing Unit <boolean_3>.
    Related source file is "C:/Users/NPStudent/Desktop/ALU_1D/work/planAhead/ALU_1D/ALU_1D.srcs/sources_1/imports/verilog/boolean_3.v".
    Summary:
Unit <boolean_3> synthesized.

Synthesizing Unit <adder_4>.
    Related source file is "C:/Users/NPStudent/Desktop/ALU_1D/work/planAhead/ALU_1D/ALU_1D.srcs/sources_1/imports/verilog/adder_4.v".
    Found 8-bit adder for signal <n0025> created at line 26.
    Found 8-bit adder for signal <op> created at line 26.
    Summary:
	inferred   2 Adder/Subtractor(s).
Unit <adder_4> synthesized.

Synthesizing Unit <comparator_5>.
    Related source file is "C:/Users/NPStudent/Desktop/ALU_1D/work/planAhead/ALU_1D/ALU_1D.srcs/sources_1/imports/verilog/comparator_5.v".
    Found 1-bit 4-to-1 multiplexer for signal <op<0>> created at line 22.
    Summary:
	inferred   1 Multiplexer(s).
Unit <comparator_5> synthesized.

=========================================================================
HDL Synthesis Report

Macro Statistics
# RAMs                                                 : 1
 4x16-bit single-port Read Only RAM                    : 1
# Adders/Subtractors                                   : 4
 18-bit adder                                          : 1
 4-bit adder                                           : 1
 8-bit adder                                           : 2
# Registers                                            : 2
 18-bit register                                       : 1
 4-bit register                                        : 1
# Multiplexers                                         : 26
 1-bit 2-to-1 multiplexer                              : 6
 1-bit 4-to-1 multiplexer                              : 9
 2-bit 2-to-1 multiplexer                              : 1
 4-bit 2-to-1 multiplexer                              : 1
 7-bit 2-to-1 multiplexer                              : 1
 8-bit 2-to-1 multiplexer                              : 8
# Logic shifters                                       : 1
 31-bit shifter logical right                          : 1
# Tristates                                            : 6
 1-bit tristate buffer                                 : 6
# Xors                                                 : 3
 1-bit xor2                                            : 1
 8-bit xor2                                            : 2

=========================================================================

=========================================================================
*                       Advanced HDL Synthesis                          *
=========================================================================


Synthesizing (advanced) Unit <counter_6>.
The following registers are absorbed into counter <M_ctr_q>: 1 register on signal <M_ctr_q>.
Unit <counter_6> synthesized (advanced).

Synthesizing (advanced) Unit <mojo_top_0>.
INFO:Xst:3218 - HDL ADVISOR - The RAM <Mram_M_seg_values> will be implemented on LUTs either because you have described an asynchronous read or because of currently unsupported block RAM features. If you have described an asynchronous read, making it synchronous would allow you to take advantage of available block RAM resources, for optimized device usage and improved timings. Please refer to your documentation for coding guidelines.
    -----------------------------------------------------------------------
    | ram_type           | Distributed                         |          |
    -----------------------------------------------------------------------
    | Port A                                                              |
    |     aspect ratio   | 4-word x 16-bit                     |          |
    |     weA            | connected to signal <GND>           | high     |
    |     addrA          | connected to signal <io_dip<5:4>>   |          |
    |     diA            | connected to signal <GND>           |          |
    |     doA            | connected to signal <M_seg_values>  |          |
    -----------------------------------------------------------------------
Unit <mojo_top_0> synthesized (advanced).

=========================================================================
Advanced HDL Synthesis Report

Macro Statistics
# RAMs                                                 : 1
 4x16-bit single-port distributed Read Only RAM        : 1
# Adders/Subtractors                                   : 2
 4-bit adder                                           : 1
 8-bit adder carry in                                  : 1
# Counters                                             : 1
 18-bit up counter                                     : 1
# Registers                                            : 4
 Flip-Flops                                            : 4
# Multiplexers                                         : 26
 1-bit 2-to-1 multiplexer                              : 6
 1-bit 4-to-1 multiplexer                              : 9
 2-bit 2-to-1 multiplexer                              : 1
 4-bit 2-to-1 multiplexer                              : 1
 7-bit 2-to-1 multiplexer                              : 1
 8-bit 2-to-1 multiplexer                              : 8
# Logic shifters                                       : 1
 31-bit shifter logical right                          : 1
# Xors                                                 : 3
 1-bit xor2                                            : 1
 8-bit xor2                                            : 2

=========================================================================

=========================================================================
*                         Low Level Synthesis                           *
=========================================================================

Optimizing unit <mojo_top_0> ...

Mapping all equations...
Building and optimizing final netlist ...
Found area constraint ratio of 100 (+ 0) on block mojo_top_0, actual ratio is 1.

Final Macro Processing ...

Processing Unit <mojo_top_0> :
INFO:Xst:741 - HDL ADVISOR - A 4-bit shift register was found for signal <reset_cond/M_stage_q_3> and currently occupies 4 logic cells (2 slices). Removing the set/reset logic would take advantage of SRL32 (and derived) primitives and reduce this to 1 logic cells (1 slices). Evaluate if the set/reset can be removed for this simple shift register. The majority of simple pipeline structures do not need to be set/reset operationally.
Unit <mojo_top_0> processed.

=========================================================================
Final Register Report

Macro Statistics
# Registers                                            : 22
 Flip-Flops                                            : 22

=========================================================================

=========================================================================
*                           Partition Report                            *
=========================================================================

Partition Implementation Status
-------------------------------

  No Partitions were found in this design.

-------------------------------

=========================================================================
*                            Design Summary                             *
=========================================================================

Clock Information:
------------------
-----------------------------------+------------------------+-------+
Clock Signal                       | Clock buffer(FF name)  | Load  |
-----------------------------------+------------------------+-------+
clk                                | BUFGP                  | 22    |
-----------------------------------+------------------------+-------+

Asynchronous Control Signals Information:
----------------------------------------
No asynchronous control signals found in this design

Timing Summary:
---------------
Speed Grade: -2

   Minimum period: 3.738ns (Maximum Frequency: 267.523MHz)
   Minimum input arrival time before clock: 3.526ns
   Maximum output required time after clock: 5.717ns
   Maximum combinational path delay: 11.731ns

=========================================================================
